Warning: syntax error.
The last symbol read has been "=".
Will skip input until next semicolon after the unexpected token. May leak memory.
Warning: syntax error.
The last symbol read has been ",".
Will skip input until next semicolon after the unexpected token. May leak memory.
script: log2_core_poly.sollya
This is

	sollya 8.0.

Copyright 2006-2022 by

   Laboratoire de l'Informatique du Parallelisme,
   UMR CNRS - ENS Lyon - UCB Lyon 1 - INRIA 5668,

   LORIA (CNRS, INPL, INRIA, UHP, U-Nancy 2),

   Laboratoire d'Informatique de Paris 6, equipe PEQUAN,
   UPMC Universite Paris 06 - CNRS - UMR 7606 - LIP6, Paris, France,

   Laboratoire d'Informatique de Paris 6 - Équipe PEQUAN
   Sorbonne Universités
   UPMC Univ Paris 06
   UMR 7606, LIP6
   Boîte Courrier 169
   4, place Jussieu
   F-75252 Paris Cedex 05
   France,

   Sorbonne Université
   CNRS, Laboratoire d'Informatique de Paris 6, LIP6
   F - 75005 Paris
   France,

   CNRS, LIP6, UPMC
   Sorbonne Universités, UPMC Univ Paris 06,
   CNRS, LIP6 UMR 7606, 4 place Jussieu 75005 Paris,

   University of Alaska Anchorage, College of Engineering

and by

   Centre de recherche INRIA Sophia Antipolis Mediterranee,
   Equipes APICS, FACTAS,
   Sophia Antipolis, France.

All rights reserved.

Contributors:
   Ch. Lauter, 
   S. Chevillard, 
   M. Joldes, 
   N. Jourdan, 
   M. Mezzarobba, 
   J. Benoit.
 
License:
   This software is governed by the CeCILL-C license under French law and
   abiding by the rules of distribution of free software. You can use,
   modify and/or redistribute the software under the terms of the CeCILL-C
   license as circulated by CEA, CNRS and INRIA at the following URL
   "http://www.cecill.info".

   As a counterpart to the access to the source code and rights to copy,
   modify and redistribute granted by the license, users are provided only
   with a limited warranty and the software's author, the holder of the
   economic rights, and the successive licensors have only limited
   liability.

   In this respect, the user's attention is drawn to the risks associated
   with loading, using, modifying and/or developing or reproducing the
   software by the user in light of its specific status of free software,
   that may mean that it is complicated to manipulate, and that also
   therefore means that it is reserved for developers and experienced
   professionals having in-depth computer knowledge. Users are therefore
   encouraged to load and test the software's suitability as regards their
   requirements in conditions enabling the security of their systems and/or
   data to be ensured and, more generally, to use and operate it in the
   same conditions as regards security.

   The fact that you are presently reading this means that you have had
   knowledge of the CeCILL-C license and that you accept its terms.

   This program is distributed WITHOUT ANY WARRANTY; without even the
   implied warranty of MERCHANTABILITY or FITNESS FOR A PARTICULAR PURPOSE.


Send bug reports to <sollya-devl@lists.gforge.inria.fr>

This build of sollya 8.0 is based on GMP 6.3.0, MPFR 4.2.2 and MPFI 1.5.4.
It uses FPLLL as: "fplll.h lies directly in the include directory, linkage with -lfplll is compatible, -std option is passed (-std=c++11), using standard API."

kernel function: log2(1 + u) / u
interval: [-3.125e-2;3.125e-2]
Warning: syntax error.
The last symbol read has been ")".
Will skip input until next semicolon after the unexpected token. May leak memory.
coefficient formats: [|D...|]
generated polynomial canonical:
Warning: the identifier "p" is neither assigned to, nor bound to a library function nor external procedure, nor equal to the current free variable.
Will interpret "p" as "x".
x
generated polynomial horner:
Warning: the identifier "p" is neither assigned to, nor bound to a library function nor external procedure, nor equal to the current free variable.
Will interpret "p" as "x".
x
Warning: the identifier "p" is neither assigned to, nor bound to a library function nor external procedure, nor equal to the current free variable.
Will interpret "p" as "x".
Warning: the identifier "p" is neither assigned to, nor bound to a library function nor external procedure, nor equal to the current free variable.
Will interpret "p" as "x".
Warning: the identifier "p" is neither assigned to, nor bound to a library function nor external procedure, nor equal to the current free variable.
Will interpret "p" as "x".
Warning: the identifier "p" is neither assigned to, nor bound to a library function nor external procedure, nor equal to the current free variable.
Will interpret "p" as "x".
Warning: the identifier "p" is neither assigned to, nor bound to a library function nor external procedure, nor equal to the current free variable.
Will interpret "p" as "x".
Warning: the identifier "p" is neither assigned to, nor bound to a library function nor external procedure, nor equal to the current free variable.
Will interpret "p" as "x".
Warning: the identifier "p" is neither assigned to, nor bound to a library function nor external procedure, nor equal to the current free variable.
Will interpret "p" as "x".
Warning: the identifier "p" is neither assigned to, nor bound to a library function nor external procedure, nor equal to the current free variable.
Will interpret "p" as "x".
Warning: the identifier "p" is neither assigned to, nor bound to a library function nor external procedure, nor equal to the current free variable.
Will interpret "p" as "x".
Warning: the identifier "p" is neither assigned to, nor bound to a library function nor external procedure, nor equal to the current free variable.
Will interpret "p" as "x".
Warning: the identifier "p" is neither assigned to, nor bound to a library function nor external procedure, nor equal to the current free variable.
Will interpret "p" as "x".
Warning: the identifier "p" is neither assigned to, nor bound to a library function nor external procedure, nor equal to the current free variable.
Will interpret "p" as "x".
Warning: the identifier "p" is neither assigned to, nor bound to a library function nor external procedure, nor equal to the current free variable.
Will interpret "p" as "x".
Warning: the identifier "p" is neither assigned to, nor bound to a library function nor external procedure, nor equal to the current free variable.
Will interpret "p" as "x".
Warning: the identifier "p" is neither assigned to, nor bound to a library function nor external procedure, nor equal to the current free variable.
Will interpret "p" as "x".
Warning: the identifier "p" is neither assigned to, nor bound to a library function nor external procedure, nor equal to the current free variable.
Will interpret "p" as "x".
Warning: the identifier "p" is neither assigned to, nor bound to a library function nor external procedure, nor equal to the current free variable.
Will interpret "p" as "x".
Warning: the identifier "p" is neither assigned to, nor bound to a library function nor external procedure, nor equal to the current free variable.
Will interpret "p" as "x".
Warning: the identifier "p" is neither assigned to, nor bound to a library function nor external procedure, nor equal to the current free variable.
Will interpret "p" as "x".
Warning: the identifier "p" is neither assigned to, nor bound to a library function nor external procedure, nor equal to the current free variable.
Will interpret "p" as "x".
Warning: the identifier "p" is neither assigned to, nor bound to a library function nor external procedure, nor equal to the current free variable.
Will interpret "p" as "x".
Warning: the identifier "p" is neither assigned to, nor bound to a library function nor external procedure, nor equal to the current free variable.
Will interpret "p" as "x".
Warning: the identifier "p" is neither assigned to, nor bound to a library function nor external procedure, nor equal to the current free variable.
Will interpret "p" as "x".
Warning: the identifier "p" is neither assigned to, nor bound to a library function nor external procedure, nor equal to the current free variable.
Will interpret "p" as "x".
Warning: the identifier "p" is neither assigned to, nor bound to a library function nor external procedure, nor equal to the current free variable.
Will interpret "p" as "x".
Warning: the identifier "p" is neither assigned to, nor bound to a library function nor external procedure, nor equal to the current free variable.
Will interpret "p" as "x".
Warning: the identifier "p" is neither assigned to, nor bound to a library function nor external procedure, nor equal to the current free variable.
Will interpret "p" as "x".
Warning: the identifier "p" is neither assigned to, nor bound to a library function nor external procedure, nor equal to the current free variable.
Will interpret "p" as "x".
Warning: the identifier "p" is neither assigned to, nor bound to a library function nor external procedure, nor equal to the current free variable.
Will interpret "p" as "x".
Warning: the identifier "p" is neither assigned to, nor bound to a library function nor external procedure, nor equal to the current free variable.
Will interpret "p" as "x".
Warning: the identifier "p" is neither assigned to, nor bound to a library function nor external procedure, nor equal to the current free variable.
Will interpret "p" as "x".
Warning: the identifier "p" is neither assigned to, nor bound to a library function nor external procedure, nor equal to the current free variable.
Will interpret "p" as "x".
Warning: the identifier "p" is neither assigned to, nor bound to a library function nor external procedure, nor equal to the current free variable.
Will interpret "p" as "x".
Warning: the identifier "p" is neither assigned to, nor bound to a library function nor external procedure, nor equal to the current free variable.
Will interpret "p" as "x".
Warning: the identifier "p" is neither assigned to, nor bound to a library function nor external procedure, nor equal to the current free variable.
Will interpret "p" as "x".
Warning: the identifier "p" is neither assigned to, nor bound to a library function nor external procedure, nor equal to the current free variable.
Will interpret "p" as "x".
Warning: the identifier "p" is neither assigned to, nor bound to a library function nor external procedure, nor equal to the current free variable.
Will interpret "p" as "x".
Warning: the identifier "p" is neither assigned to, nor bound to a library function nor external procedure, nor equal to the current free variable.
Will interpret "p" as "x".
Warning: the identifier "p" is neither assigned to, nor bound to a library function nor external procedure, nor equal to the current free variable.
Will interpret "p" as "x".
Warning: the identifier "p" is neither assigned to, nor bound to a library function nor external procedure, nor equal to the current free variable.
Will interpret "p" as "x".
Warning: the identifier "p" is neither assigned to, nor bound to a library function nor external procedure, nor equal to the current free variable.
Will interpret "p" as "x".
Warning: the identifier "p" is neither assigned to, nor bound to a library function nor external procedure, nor equal to the current free variable.
Will interpret "p" as "x".
Warning: the identifier "p" is neither assigned to, nor bound to a library function nor external procedure, nor equal to the current free variable.
Will interpret "p" as "x".
Warning: the identifier "p" is neither assigned to, nor bound to a library function nor external procedure, nor equal to the current free variable.
Will interpret "p" as "x".
Warning: the identifier "p" is neither assigned to, nor bound to a library function nor external procedure, nor equal to the current free variable.
Will interpret "p" as "x".
Warning: the identifier "p" is neither assigned to, nor bound to a library function nor external procedure, nor equal to the current free variable.
Will interpret "p" as "x".
Warning: the identifier "p" is neither assigned to, nor bound to a library function nor external procedure, nor equal to the current free variable.
Will interpret "p" as "x".
Warning: the identifier "p" is neither assigned to, nor bound to a library function nor external procedure, nor equal to the current free variable.
Will interpret "p" as "x".
Warning: the identifier "p" is neither assigned to, nor bound to a library function nor external procedure, nor equal to the current free variable.
Will interpret "p" as "x".
Warning: the identifier "p" is neither assigned to, nor bound to a library function nor external procedure, nor equal to the current free variable.
Will interpret "p" as "x".
Warning: the identifier "p" is neither assigned to, nor bound to a library function nor external procedure, nor equal to the current free variable.
Will interpret "p" as "x".
Warning: the identifier "p" is neither assigned to, nor bound to a library function nor external procedure, nor equal to the current free variable.
Will interpret "p" as "x".
Warning: the identifier "p" is neither assigned to, nor bound to a library function nor external procedure, nor equal to the current free variable.
Will interpret "p" as "x".
Warning: the identifier "p" is neither assigned to, nor bound to a library function nor external procedure, nor equal to the current free variable.
Will interpret "p" as "x".
Warning: the identifier "p" is neither assigned to, nor bound to a library function nor external procedure, nor equal to the current free variable.
Will interpret "p" as "x".
Warning: the identifier "p" is neither assigned to, nor bound to a library function nor external procedure, nor equal to the current free variable.
Will interpret "p" as "x".
Warning: the identifier "p" is neither assigned to, nor bound to a library function nor external procedure, nor equal to the current free variable.
Will interpret "p" as "x".
Warning: the identifier "p" is neither assigned to, nor bound to a library function nor external procedure, nor equal to the current free variable.
Will interpret "p" as "x".
Warning: the identifier "p" is neither assigned to, nor bound to a library function nor external procedure, nor equal to the current free variable.
Will interpret "p" as "x".
Warning: the identifier "p" is neither assigned to, nor bound to a library function nor external procedure, nor equal to the current free variable.
Will interpret "p" as "x".
Warning: the identifier "p" is neither assigned to, nor bound to a library function nor external procedure, nor equal to the current free variable.
Will interpret "p" as "x".
Warning: the identifier "p" is neither assigned to, nor bound to a library function nor external procedure, nor equal to the current free variable.
Will interpret "p" as "x".
Warning: the identifier "p" is neither assigned to, nor bound to a library function nor external procedure, nor equal to the current free variable.
Will interpret "p" as "x".
Warning: the identifier "p" is neither assigned to, nor bound to a library function nor external procedure, nor equal to the current free variable.
Will interpret "p" as "x".
Warning: the identifier "p" is neither assigned to, nor bound to a library function nor external procedure, nor equal to the current free variable.
Will interpret "p" as "x".
Warning: the identifier "p" is neither assigned to, nor bound to a library function nor external procedure, nor equal to the current free variable.
Will interpret "p" as "x".
Warning: the identifier "p" is neither assigned to, nor bound to a library function nor external procedure, nor equal to the current free variable.
Will interpret "p" as "x".
Warning: the identifier "p" is neither assigned to, nor bound to a library function nor external procedure, nor equal to the current free variable.
Will interpret "p" as "x".
Warning: the identifier "p" is neither assigned to, nor bound to a library function nor external procedure, nor equal to the current free variable.
Will interpret "p" as "x".
Warning: the identifier "p" is neither assigned to, nor bound to a library function nor external procedure, nor equal to the current free variable.
Will interpret "p" as "x".
Warning: the identifier "p" is neither assigned to, nor bound to a library function nor external procedure, nor equal to the current free variable.
Will interpret "p" as "x".
Warning: the identifier "p" is neither assigned to, nor bound to a library function nor external procedure, nor equal to the current free variable.
Will interpret "p" as "x".
Warning: the identifier "p" is neither assigned to, nor bound to a library function nor external procedure, nor equal to the current free variable.
Will interpret "p" as "x".
Warning: the identifier "p" is neither assigned to, nor bound to a library function nor external procedure, nor equal to the current free variable.
Will interpret "p" as "x".
Warning: the identifier "p" is neither assigned to, nor bound to a library function nor external procedure, nor equal to the current free variable.
Will interpret "p" as "x".
Warning: the identifier "p" is neither assigned to, nor bound to a library function nor external procedure, nor equal to the current free variable.
Will interpret "p" as "x".
Warning: the identifier "p" is neither assigned to, nor bound to a library function nor external procedure, nor equal to the current free variable.
Will interpret "p" as "x".
Warning: the identifier "p" is neither assigned to, nor bound to a library function nor external procedure, nor equal to the current free variable.
Will interpret "p" as "x".
Warning: the identifier "p" is neither assigned to, nor bound to a library function nor external procedure, nor equal to the current free variable.
Will interpret "p" as "x".
Warning: the identifier "p" is neither assigned to, nor bound to a library function nor external procedure, nor equal to the current free variable.
Will interpret "p" as "x".
Warning: the identifier "p" is neither assigned to, nor bound to a library function nor external procedure, nor equal to the current free variable.
Will interpret "p" as "x".
Warning: the identifier "p" is neither assigned to, nor bound to a library function nor external procedure, nor equal to the current free variable.
Will interpret "p" as "x".
Warning: the identifier "p" is neither assigned to, nor bound to a library function nor external procedure, nor equal to the current free variable.
Will interpret "p" as "x".
Warning: the identifier "p" is neither assigned to, nor bound to a library function nor external procedure, nor equal to the current free variable.
Will interpret "p" as "x".
Warning: the identifier "p" is neither assigned to, nor bound to a library function nor external procedure, nor equal to the current free variable.
Will interpret "p" as "x".
Warning: the identifier "p" is neither assigned to, nor bound to a library function nor external procedure, nor equal to the current free variable.
Will interpret "p" as "x".
Warning: the identifier "p" is neither assigned to, nor bound to a library function nor external procedure, nor equal to the current free variable.
Will interpret "p" as "x".
Warning: the identifier "p" is neither assigned to, nor bound to a library function nor external procedure, nor equal to the current free variable.
Will interpret "p" as "x".
Warning: the identifier "p" is neither assigned to, nor bound to a library function nor external procedure, nor equal to the current free variable.
Will interpret "p" as "x".
Warning: the identifier "p" is neither assigned to, nor bound to a library function nor external procedure, nor equal to the current free variable.
Will interpret "p" as "x".
Warning: the identifier "p" is neither assigned to, nor bound to a library function nor external procedure, nor equal to the current free variable.
Will interpret "p" as "x".
Warning: the identifier "p" is neither assigned to, nor bound to a library function nor external procedure, nor equal to the current free variable.
Will interpret "p" as "x".
Warning: the identifier "p" is neither assigned to, nor bound to a library function nor external procedure, nor equal to the current free variable.
Will interpret "p" as "x".
Warning: the identifier "p" is neither assigned to, nor bound to a library function nor external procedure, nor equal to the current free variable.
Will interpret "p" as "x".
Warning: the identifier "p" is neither assigned to, nor bound to a library function nor external procedure, nor equal to the current free variable.
Will interpret "p" as "x".
Warning: the identifier "p" is neither assigned to, nor bound to a library function nor external procedure, nor equal to the current free variable.
Will interpret "p" as "x".
Warning: the identifier "p" is neither assigned to, nor bound to a library function nor external procedure, nor equal to the current free variable.
Will interpret "p" as "x".
Warning: the identifier "p" is neither assigned to, nor bound to a library function nor external procedure, nor equal to the current free variable.
Will interpret "p" as "x".
Warning: the identifier "p" is neither assigned to, nor bound to a library function nor external procedure, nor equal to the current free variable.
Will interpret "p" as "x".
Warning: the identifier "p" is neither assigned to, nor bound to a library function nor external procedure, nor equal to the current free variable.
Will interpret "p" as "x".
Warning: the identifier "p" is neither assigned to, nor bound to a library function nor external procedure, nor equal to the current free variable.
Will interpret "p" as "x".
Warning: the identifier "p" is neither assigned to, nor bound to a library function nor external procedure, nor equal to the current free variable.
Will interpret "p" as "x".
Warning: the identifier "p" is neither assigned to, nor bound to a library function nor external procedure, nor equal to the current free variable.
Will interpret "p" as "x".
Warning: the identifier "p" is neither assigned to, nor bound to a library function nor external procedure, nor equal to the current free variable.
Will interpret "p" as "x".
Warning: the identifier "p" is neither assigned to, nor bound to a library function nor external procedure, nor equal to the current free variable.
Will interpret "p" as "x".
Warning: the identifier "p" is neither assigned to, nor bound to a library function nor external procedure, nor equal to the current free variable.
Will interpret "p" as "x".
Warning: the identifier "p" is neither assigned to, nor bound to a library function nor external procedure, nor equal to the current free variable.
Will interpret "p" as "x".
Warning: the identifier "p" is neither assigned to, nor bound to a library function nor external procedure, nor equal to the current free variable.
Will interpret "p" as "x".
Warning: the identifier "p" is neither assigned to, nor bound to a library function nor external procedure, nor equal to the current free variable.
Will interpret "p" as "x".
Warning: the identifier "p" is neither assigned to, nor bound to a library function nor external procedure, nor equal to the current free variable.
Will interpret "p" as "x".
Warning: the identifier "p" is neither assigned to, nor bound to a library function nor external procedure, nor equal to the current free variable.
Will interpret "p" as "x".
Warning: the identifier "p" is neither assigned to, nor bound to a library function nor external procedure, nor equal to the current free variable.
Will interpret "p" as "x".
Warning: the identifier "p" is neither assigned to, nor bound to a library function nor external procedure, nor equal to the current free variable.
Will interpret "p" as "x".
Warning: the identifier "p" is neither assigned to, nor bound to a library function nor external procedure, nor equal to the current free variable.
Will interpret "p" as "x".
Warning: the identifier "p" is neither assigned to, nor bound to a library function nor external procedure, nor equal to the current free variable.
Will interpret "p" as "x".
Warning: the identifier "p" is neither assigned to, nor bound to a library function nor external procedure, nor equal to the current free variable.
Will interpret "p" as "x".
Warning: the identifier "p" is neither assigned to, nor bound to a library function nor external procedure, nor equal to the current free variable.
Will interpret "p" as "x".
Warning: the identifier "p" is neither assigned to, nor bound to a library function nor external procedure, nor equal to the current free variable.
Will interpret "p" as "x".
Warning: the identifier "p" is neither assigned to, nor bound to a library function nor external procedure, nor equal to the current free variable.
Will interpret "p" as "x".
Warning: the identifier "p" is neither assigned to, nor bound to a library function nor external procedure, nor equal to the current free variable.
Will interpret "p" as "x".
Warning: the identifier "p" is neither assigned to, nor bound to a library function nor external procedure, nor equal to the current free variable.
Will interpret "p" as "x".
Warning: the identifier "p" is neither assigned to, nor bound to a library function nor external procedure, nor equal to the current free variable.
Will interpret "p" as "x".
Warning: the identifier "p" is neither assigned to, nor bound to a library function nor external procedure, nor equal to the current free variable.
Will interpret "p" as "x".
Warning: the identifier "p" is neither assigned to, nor bound to a library function nor external procedure, nor equal to the current free variable.
Will interpret "p" as "x".
Warning: the identifier "p" is neither assigned to, nor bound to a library function nor external procedure, nor equal to the current free variable.
Will interpret "p" as "x".
Warning: the identifier "p" is neither assigned to, nor bound to a library function nor external procedure, nor equal to the current free variable.
Will interpret "p" as "x".
Warning: the identifier "p" is neither assigned to, nor bound to a library function nor external procedure, nor equal to the current free variable.
Will interpret "p" as "x".
Warning: the identifier "p" is neither assigned to, nor bound to a library function nor external procedure, nor equal to the current free variable.
Will interpret "p" as "x".
Warning: the identifier "p" is neither assigned to, nor bound to a library function nor external procedure, nor equal to the current free variable.
Will interpret "p" as "x".
Warning: the identifier "p" is neither assigned to, nor bound to a library function nor external procedure, nor equal to the current free variable.
Will interpret "p" as "x".
Warning: the identifier "p" is neither assigned to, nor bound to a library function nor external procedure, nor equal to the current free variable.
Will interpret "p" as "x".
Warning: the identifier "p" is neither assigned to, nor bound to a library function nor external procedure, nor equal to the current free variable.
Will interpret "p" as "x".
Warning: the identifier "p" is neither assigned to, nor bound to a library function nor external procedure, nor equal to the current free variable.
Will interpret "p" as "x".
Warning: the identifier "p" is neither assigned to, nor bound to a library function nor external procedure, nor equal to the current free variable.
Will interpret "p" as "x".
Warning: the identifier "p" is neither assigned to, nor bound to a library function nor external procedure, nor equal to the current free variable.
Will interpret "p" as "x".
Warning: the identifier "p" is neither assigned to, nor bound to a library function nor external procedure, nor equal to the current free variable.
Will interpret "p" as "x".
Warning: the identifier "p" is neither assigned to, nor bound to a library function nor external procedure, nor equal to the current free variable.
Will interpret "p" as "x".
Warning: the identifier "p" is neither assigned to, nor bound to a library function nor external procedure, nor equal to the current free variable.
Will interpret "p" as "x".
Warning: the identifier "p" is neither assigned to, nor bound to a library function nor external procedure, nor equal to the current free variable.
Will interpret "p" as "x".
Warning: the identifier "p" is neither assigned to, nor bound to a library function nor external procedure, nor equal to the current free variable.
Will interpret "p" as "x".
Warning: the identifier "p" is neither assigned to, nor bound to a library function nor external procedure, nor equal to the current free variable.
Will interpret "p" as "x".
Warning: the identifier "p" is neither assigned to, nor bound to a library function nor external procedure, nor equal to the current free variable.
Will interpret "p" as "x".
Warning: the identifier "p" is neither assigned to, nor bound to a library function nor external procedure, nor equal to the current free variable.
Will interpret "p" as "x".
Warning: the identifier "p" is neither assigned to, nor bound to a library function nor external procedure, nor equal to the current free variable.
Will interpret "p" as "x".
Warning: the identifier "p" is neither assigned to, nor bound to a library function nor external procedure, nor equal to the current free variable.
Will interpret "p" as "x".
Warning: the identifier "p" is neither assigned to, nor bound to a library function nor external procedure, nor equal to the current free variable.
Will interpret "p" as "x".
Warning: the identifier "p" is neither assigned to, nor bound to a library function nor external procedure, nor equal to the current free variable.
Will interpret "p" as "x".
Warning: the identifier "p" is neither assigned to, nor bound to a library function nor external procedure, nor equal to the current free variable.
Will interpret "p" as "x".
Warning: the identifier "p" is neither assigned to, nor bound to a library function nor external procedure, nor equal to the current free variable.
Will interpret "p" as "x".
Warning: the identifier "p" is neither assigned to, nor bound to a library function nor external procedure, nor equal to the current free variable.
Will interpret "p" as "x".
Warning: the identifier "p" is neither assigned to, nor bound to a library function nor external procedure, nor equal to the current free variable.
Will interpret "p" as "x".
Warning: the identifier "p" is neither assigned to, nor bound to a library function nor external procedure, nor equal to the current free variable.
Will interpret "p" as "x".
Warning: the identifier "p" is neither assigned to, nor bound to a library function nor external procedure, nor equal to the current free variable.
Will interpret "p" as "x".
Warning: the identifier "p" is neither assigned to, nor bound to a library function nor external procedure, nor equal to the current free variable.
Will interpret "p" as "x".
Warning: the identifier "p" is neither assigned to, nor bound to a library function nor external procedure, nor equal to the current free variable.
Will interpret "p" as "x".
Warning: the identifier "p" is neither assigned to, nor bound to a library function nor external procedure, nor equal to the current free variable.
Will interpret "p" as "x".
Warning: the identifier "p" is neither assigned to, nor bound to a library function nor external procedure, nor equal to the current free variable.
Will interpret "p" as "x".
Warning: the identifier "p" is neither assigned to, nor bound to a library function nor external procedure, nor equal to the current free variable.
Will interpret "p" as "x".
Warning: the identifier "p" is neither assigned to, nor bound to a library function nor external procedure, nor equal to the current free variable.
Will interpret "p" as "x".
Warning: the identifier "p" is neither assigned to, nor bound to a library function nor external procedure, nor equal to the current free variable.
Will interpret "p" as "x".
Warning: the identifier "p" is neither assigned to, nor bound to a library function nor external procedure, nor equal to the current free variable.
Will interpret "p" as "x".
Warning: the identifier "p" is neither assigned to, nor bound to a library function nor external procedure, nor equal to the current free variable.
Will interpret "p" as "x".
Warning: the identifier "p" is neither assigned to, nor bound to a library function nor external procedure, nor equal to the current free variable.
Will interpret "p" as "x".
Warning: the identifier "p" is neither assigned to, nor bound to a library function nor external procedure, nor equal to the current free variable.
Will interpret "p" as "x".
Warning: the identifier "p" is neither assigned to, nor bound to a library function nor external procedure, nor equal to the current free variable.
Will interpret "p" as "x".
Warning: the identifier "p" is neither assigned to, nor bound to a library function nor external procedure, nor equal to the current free variable.
Will interpret "p" as "x".
Warning: the identifier "p" is neither assigned to, nor bound to a library function nor external procedure, nor equal to the current free variable.
Will interpret "p" as "x".
Warning: the identifier "p" is neither assigned to, nor bound to a library function nor external procedure, nor equal to the current free variable.
Will interpret "p" as "x".
Warning: the identifier "p" is neither assigned to, nor bound to a library function nor external procedure, nor equal to the current free variable.
Will interpret "p" as "x".
Warning: the identifier "p" is neither assigned to, nor bound to a library function nor external procedure, nor equal to the current free variable.
Will interpret "p" as "x".
Warning: the identifier "p" is neither assigned to, nor bound to a library function nor external procedure, nor equal to the current free variable.
Will interpret "p" as "x".
Warning: the identifier "p" is neither assigned to, nor bound to a library function nor external procedure, nor equal to the current free variable.
Will interpret "p" as "x".
Warning: the identifier "p" is neither assigned to, nor bound to a library function nor external procedure, nor equal to the current free variable.
Will interpret "p" as "x".
Warning: the identifier "p" is neither assigned to, nor bound to a library function nor external procedure, nor equal to the current free variable.
Will interpret "p" as "x".
Warning: the identifier "p" is neither assigned to, nor bound to a library function nor external procedure, nor equal to the current free variable.
Will interpret "p" as "x".
Warning: the identifier "p" is neither assigned to, nor bound to a library function nor external procedure, nor equal to the current free variable.
Will interpret "p" as "x".
Warning: the identifier "p" is neither assigned to, nor bound to a library function nor external procedure, nor equal to the current free variable.
Will interpret "p" as "x".
Warning: the identifier "p" is neither assigned to, nor bound to a library function nor external procedure, nor equal to the current free variable.
Will interpret "p" as "x".
Warning: the identifier "p" is neither assigned to, nor bound to a library function nor external procedure, nor equal to the current free variable.
Will interpret "p" as "x".
Warning: the identifier "p" is neither assigned to, nor bound to a library function nor external procedure, nor equal to the current free variable.
Will interpret "p" as "x".
Warning: the identifier "p" is neither assigned to, nor bound to a library function nor external procedure, nor equal to the current free variable.
Will interpret "p" as "x".
Warning: the identifier "p" is neither assigned to, nor bound to a library function nor external procedure, nor equal to the current free variable.
Will interpret "p" as "x".
Warning: the identifier "p" is neither assigned to, nor bound to a library function nor external procedure, nor equal to the current free variable.
Will interpret "p" as "x".
Warning: the identifier "p" is neither assigned to, nor bound to a library function nor external procedure, nor equal to the current free variable.
Will interpret "p" as "x".
Warning: the identifier "p" is neither assigned to, nor bound to a library function nor external procedure, nor equal to the current free variable.
Will interpret "p" as "x".
Warning: the identifier "p" is neither assigned to, nor bound to a library function nor external procedure, nor equal to the current free variable.
Will interpret "p" as "x".
Warning: the identifier "p" is neither assigned to, nor bound to a library function nor external procedure, nor equal to the current free variable.
Will interpret "p" as "x".
Warning: the identifier "p" is neither assigned to, nor bound to a library function nor external procedure, nor equal to the current free variable.
Will interpret "p" as "x".
Warning: the identifier "p" is neither assigned to, nor bound to a library function nor external procedure, nor equal to the current free variable.
Will interpret "p" as "x".
Warning: the identifier "p" is neither assigned to, nor bound to a library function nor external procedure, nor equal to the current free variable.
Will interpret "p" as "x".
Warning: the identifier "p" is neither assigned to, nor bound to a library function nor external procedure, nor equal to the current free variable.
Will interpret "p" as "x".
Warning: the identifier "p" is neither assigned to, nor bound to a library function nor external procedure, nor equal to the current free variable.
Will interpret "p" as "x".
Warning: the identifier "p" is neither assigned to, nor bound to a library function nor external procedure, nor equal to the current free variable.
Will interpret "p" as "x".
Warning: the identifier "p" is neither assigned to, nor bound to a library function nor external procedure, nor equal to the current free variable.
Will interpret "p" as "x".
Warning: the identifier "p" is neither assigned to, nor bound to a library function nor external procedure, nor equal to the current free variable.
Will interpret "p" as "x".
Warning: the identifier "p" is neither assigned to, nor bound to a library function nor external procedure, nor equal to the current free variable.
Will interpret "p" as "x".
Warning: the identifier "p" is neither assigned to, nor bound to a library function nor external procedure, nor equal to the current free variable.
Will interpret "p" as "x".
Warning: the identifier "p" is neither assigned to, nor bound to a library function nor external procedure, nor equal to the current free variable.
Will interpret "p" as "x".
Warning: the identifier "p" is neither assigned to, nor bound to a library function nor external procedure, nor equal to the current free variable.
Will interpret "p" as "x".
Warning: the identifier "p" is neither assigned to, nor bound to a library function nor external procedure, nor equal to the current free variable.
Will interpret "p" as "x".
Warning: the identifier "p" is neither assigned to, nor bound to a library function nor external procedure, nor equal to the current free variable.
Will interpret "p" as "x".
Warning: the identifier "p" is neither assigned to, nor bound to a library function nor external procedure, nor equal to the current free variable.
Will interpret "p" as "x".
Warning: the identifier "p" is neither assigned to, nor bound to a library function nor external procedure, nor equal to the current free variable.
Will interpret "p" as "x".
Warning: the identifier "p" is neither assigned to, nor bound to a library function nor external procedure, nor equal to the current free variable.
Will interpret "p" as "x".
Warning: the identifier "p" is neither assigned to, nor bound to a library function nor external procedure, nor equal to the current free variable.
Will interpret "p" as "x".
Warning: the identifier "p" is neither assigned to, nor bound to a library function nor external procedure, nor equal to the current free variable.
Will interpret "p" as "x".
Warning: the identifier "p" is neither assigned to, nor bound to a library function nor external procedure, nor equal to the current free variable.
Will interpret "p" as "x".
Warning: the identifier "p" is neither assigned to, nor bound to a library function nor external procedure, nor equal to the current free variable.
Will interpret "p" as "x".
Warning: the identifier "p" is neither assigned to, nor bound to a library function nor external procedure, nor equal to the current free variable.
Will interpret "p" as "x".
Warning: the identifier "p" is neither assigned to, nor bound to a library function nor external procedure, nor equal to the current free variable.
Will interpret "p" as "x".
Warning: the identifier "p" is neither assigned to, nor bound to a library function nor external procedure, nor equal to the current free variable.
Will interpret "p" as "x".
Warning: the identifier "p" is neither assigned to, nor bound to a library function nor external procedure, nor equal to the current free variable.
Will interpret "p" as "x".
Warning: the identifier "p" is neither assigned to, nor bound to a library function nor external procedure, nor equal to the current free variable.
Will interpret "p" as "x".
Warning: the identifier "p" is neither assigned to, nor bound to a library function nor external procedure, nor equal to the current free variable.
Will interpret "p" as "x".
Warning: the identifier "p" is neither assigned to, nor bound to a library function nor external procedure, nor equal to the current free variable.
Will interpret "p" as "x".
Warning: the identifier "p" is neither assigned to, nor bound to a library function nor external procedure, nor equal to the current free variable.
Will interpret "p" as "x".
Warning: the identifier "p" is neither assigned to, nor bound to a library function nor external procedure, nor equal to the current free variable.
Will interpret "p" as "x".
Warning: the identifier "p" is neither assigned to, nor bound to a library function nor external procedure, nor equal to the current free variable.
Will interpret "p" as "x".
Warning: the identifier "p" is neither assigned to, nor bound to a library function nor external procedure, nor equal to the current free variable.
Will interpret "p" as "x".
Warning: the identifier "p" is neither assigned to, nor bound to a library function nor external procedure, nor equal to the current free variable.
Will interpret "p" as "x".
Warning: the identifier "p" is neither assigned to, nor bound to a library function nor external procedure, nor equal to the current free variable.
Will interpret "p" as "x".
Warning: the identifier "p" is neither assigned to, nor bound to a library function nor external procedure, nor equal to the current free variable.
Will interpret "p" as "x".
Warning: the identifier "p" is neither assigned to, nor bound to a library function nor external procedure, nor equal to the current free variable.
Will interpret "p" as "x".
Warning: the identifier "p" is neither assigned to, nor bound to a library function nor external procedure, nor equal to the current free variable.
Will interpret "p" as "x".
Warning: the identifier "p" is neither assigned to, nor bound to a library function nor external procedure, nor equal to the current free variable.
Will interpret "p" as "x".
Warning: the identifier "p" is neither assigned to, nor bound to a library function nor external procedure, nor equal to the current free variable.
Will interpret "p" as "x".
Warning: the identifier "p" is neither assigned to, nor bound to a library function nor external procedure, nor equal to the current free variable.
Will interpret "p" as "x".
Warning: the identifier "p" is neither assigned to, nor bound to a library function nor external procedure, nor equal to the current free variable.
Will interpret "p" as "x".
Warning: the identifier "p" is neither assigned to, nor bound to a library function nor external procedure, nor equal to the current free variable.
Will interpret "p" as "x".
Warning: the identifier "p" is neither assigned to, nor bound to a library function nor external procedure, nor equal to the current free variable.
Will interpret "p" as "x".
Warning: the identifier "p" is neither assigned to, nor bound to a library function nor external procedure, nor equal to the current free variable.
Will interpret "p" as "x".
Warning: the identifier "p" is neither assigned to, nor bound to a library function nor external procedure, nor equal to the current free variable.
Will interpret "p" as "x".
Warning: the identifier "p" is neither assigned to, nor bound to a library function nor external procedure, nor equal to the current free variable.
Will interpret "p" as "x".
Warning: the identifier "p" is neither assigned to, nor bound to a library function nor external procedure, nor equal to the current free variable.
Will interpret "p" as "x".
Warning: the identifier "p" is neither assigned to, nor bound to a library function nor external procedure, nor equal to the current free variable.
Will interpret "p" as "x".
Warning: the identifier "p" is neither assigned to, nor bound to a library function nor external procedure, nor equal to the current free variable.
Will interpret "p" as "x".
Warning: the identifier "p" is neither assigned to, nor bound to a library function nor external procedure, nor equal to the current free variable.
Will interpret "p" as "x".
Warning: the identifier "p" is neither assigned to, nor bound to a library function nor external procedure, nor equal to the current free variable.
Will interpret "p" as "x".
Warning: the identifier "p" is neither assigned to, nor bound to a library function nor external procedure, nor equal to the current free variable.
Will interpret "p" as "x".
Warning: the identifier "p" is neither assigned to, nor bound to a library function nor external procedure, nor equal to the current free variable.
Will interpret "p" as "x".
Warning: the identifier "p" is neither assigned to, nor bound to a library function nor external procedure, nor equal to the current free variable.
Will interpret "p" as "x".
Warning: the identifier "p" is neither assigned to, nor bound to a library function nor external procedure, nor equal to the current free variable.
Will interpret "p" as "x".
Warning: the identifier "p" is neither assigned to, nor bound to a library function nor external procedure, nor equal to the current free variable.
Will interpret "p" as "x".
Warning: the identifier "p" is neither assigned to, nor bound to a library function nor external procedure, nor equal to the current free variable.
Will interpret "p" as "x".
Warning: the identifier "p" is neither assigned to, nor bound to a library function nor external procedure, nor equal to the current free variable.
Will interpret "p" as "x".
Warning: the identifier "p" is neither assigned to, nor bound to a library function nor external procedure, nor equal to the current free variable.
Will interpret "p" as "x".
Warning: the identifier "p" is neither assigned to, nor bound to a library function nor external procedure, nor equal to the current free variable.
Will interpret "p" as "x".
Warning: the identifier "p" is neither assigned to, nor bound to a library function nor external procedure, nor equal to the current free variable.
Will interpret "p" as "x".
Warning: the identifier "p" is neither assigned to, nor bound to a library function nor external procedure, nor equal to the current free variable.
Will interpret "p" as "x".
Warning: the identifier "p" is neither assigned to, nor bound to a library function nor external procedure, nor equal to the current free variable.
Will interpret "p" as "x".
Warning: the identifier "p" is neither assigned to, nor bound to a library function nor external procedure, nor equal to the current free variable.
Will interpret "p" as "x".
Warning: the identifier "p" is neither assigned to, nor bound to a library function nor external procedure, nor equal to the current free variable.
Will interpret "p" as "x".
Warning: the identifier "p" is neither assigned to, nor bound to a library function nor external procedure, nor equal to the current free variable.
Will interpret "p" as "x".
Warning: the identifier "p" is neither assigned to, nor bound to a library function nor external procedure, nor equal to the current free variable.
Will interpret "p" as "x".
Warning: the identifier "p" is neither assigned to, nor bound to a library function nor external procedure, nor equal to the current free variable.
Will interpret "p" as "x".
Warning: the identifier "p" is neither assigned to, nor bound to a library function nor external procedure, nor equal to the current free variable.
Will interpret "p" as "x".
Warning: the identifier "p" is neither assigned to, nor bound to a library function nor external procedure, nor equal to the current free variable.
Will interpret "p" as "x".
Warning: the identifier "p" is neither assigned to, nor bound to a library function nor external procedure, nor equal to the current free variable.
Will interpret "p" as "x".
Warning: the identifier "p" is neither assigned to, nor bound to a library function nor external procedure, nor equal to the current free variable.
Will interpret "p" as "x".
Warning: the identifier "p" is neither assigned to, nor bound to a library function nor external procedure, nor equal to the current free variable.
Will interpret "p" as "x".
Warning: the identifier "p" is neither assigned to, nor bound to a library function nor external procedure, nor equal to the current free variable.
Will interpret "p" as "x".
Warning: the identifier "p" is neither assigned to, nor bound to a library function nor external procedure, nor equal to the current free variable.
Will interpret "p" as "x".
Warning: the identifier "p" is neither assigned to, nor bound to a library function nor external procedure, nor equal to the current free variable.
Will interpret "p" as "x".
Warning: the identifier "p" is neither assigned to, nor bound to a library function nor external procedure, nor equal to the current free variable.
Will interpret "p" as "x".
Warning: the identifier "p" is neither assigned to, nor bound to a library function nor external procedure, nor equal to the current free variable.
Will interpret "p" as "x".
Warning: the identifier "p" is neither assigned to, nor bound to a library function nor external procedure, nor equal to the current free variable.
Will interpret "p" as "x".
Warning: the identifier "p" is neither assigned to, nor bound to a library function nor external procedure, nor equal to the current free variable.
Will interpret "p" as "x".
Warning: the identifier "p" is neither assigned to, nor bound to a library function nor external procedure, nor equal to the current free variable.
Will interpret "p" as "x".
Warning: the identifier "p" is neither assigned to, nor bound to a library function nor external procedure, nor equal to the current free variable.
Will interpret "p" as "x".
Warning: the identifier "p" is neither assigned to, nor bound to a library function nor external procedure, nor equal to the current free variable.
Will interpret "p" as "x".
Warning: the identifier "p" is neither assigned to, nor bound to a library function nor external procedure, nor equal to the current free variable.
Will interpret "p" as "x".
Warning: the identifier "p" is neither assigned to, nor bound to a library function nor external procedure, nor equal to the current free variable.
Will interpret "p" as "x".
Warning: the identifier "p" is neither assigned to, nor bound to a library function nor external procedure, nor equal to the current free variable.
Will interpret "p" as "x".
Warning: the identifier "p" is neither assigned to, nor bound to a library function nor external procedure, nor equal to the current free variable.
Will interpret "p" as "x".
Warning: the identifier "p" is neither assigned to, nor bound to a library function nor external procedure, nor equal to the current free variable.
Will interpret "p" as "x".
Warning: the identifier "p" is neither assigned to, nor bound to a library function nor external procedure, nor equal to the current free variable.
Will interpret "p" as "x".
Warning: the identifier "p" is neither assigned to, nor bound to a library function nor external procedure, nor equal to the current free variable.
Will interpret "p" as "x".
Warning: the identifier "p" is neither assigned to, nor bound to a library function nor external procedure, nor equal to the current free variable.
Will interpret "p" as "x".
Warning: the identifier "p" is neither assigned to, nor bound to a library function nor external procedure, nor equal to the current free variable.
Will interpret "p" as "x".
Warning: the identifier "p" is neither assigned to, nor bound to a library function nor external procedure, nor equal to the current free variable.
Will interpret "p" as "x".
Warning: the identifier "p" is neither assigned to, nor bound to a library function nor external procedure, nor equal to the current free variable.
Will interpret "p" as "x".
Warning: the identifier "p" is neither assigned to, nor bound to a library function nor external procedure, nor equal to the current free variable.
Will interpret "p" as "x".
Warning: the identifier "p" is neither assigned to, nor bound to a library function nor external procedure, nor equal to the current free variable.
Will interpret "p" as "x".
Warning: the identifier "p" is neither assigned to, nor bound to a library function nor external procedure, nor equal to the current free variable.
Will interpret "p" as "x".
Warning: the identifier "p" is neither assigned to, nor bound to a library function nor external procedure, nor equal to the current free variable.
Will interpret "p" as "x".
Warning: the identifier "p" is neither assigned to, nor bound to a library function nor external procedure, nor equal to the current free variable.
Will interpret "p" as "x".
Warning: the identifier "p" is neither assigned to, nor bound to a library function nor external procedure, nor equal to the current free variable.
Will interpret "p" as "x".
Warning: the identifier "p" is neither assigned to, nor bound to a library function nor external procedure, nor equal to the current free variable.
Will interpret "p" as "x".
Warning: the identifier "p" is neither assigned to, nor bound to a library function nor external procedure, nor equal to the current free variable.
Will interpret "p" as "x".
Warning: the identifier "p" is neither assigned to, nor bound to a library function nor external procedure, nor equal to the current free variable.
Will interpret "p" as "x".
Warning: the identifier "p" is neither assigned to, nor bound to a library function nor external procedure, nor equal to the current free variable.
Will interpret "p" as "x".
Warning: the identifier "p" is neither assigned to, nor bound to a library function nor external procedure, nor equal to the current free variable.
Will interpret "p" as "x".
Warning: the identifier "p" is neither assigned to, nor bound to a library function nor external procedure, nor equal to the current free variable.
Will interpret "p" as "x".
Warning: the identifier "p" is neither assigned to, nor bound to a library function nor external procedure, nor equal to the current free variable.
Will interpret "p" as "x".
Warning: the identifier "p" is neither assigned to, nor bound to a library function nor external procedure, nor equal to the current free variable.
Will interpret "p" as "x".
Warning: the identifier "p" is neither assigned to, nor bound to a library function nor external procedure, nor equal to the current free variable.
Will interpret "p" as "x".
Warning: the identifier "p" is neither assigned to, nor bound to a library function nor external procedure, nor equal to the current free variable.
Will interpret "p" as "x".
Warning: the identifier "p" is neither assigned to, nor bound to a library function nor external procedure, nor equal to the current free variable.
Will interpret "p" as "x".
Warning: the identifier "p" is neither assigned to, nor bound to a library function nor external procedure, nor equal to the current free variable.
Will interpret "p" as "x".
Warning: the identifier "p" is neither assigned to, nor bound to a library function nor external procedure, nor equal to the current free variable.
Will interpret "p" as "x".
Warning: the identifier "p" is neither assigned to, nor bound to a library function nor external procedure, nor equal to the current free variable.
Will interpret "p" as "x".
Warning: the identifier "p" is neither assigned to, nor bound to a library function nor external procedure, nor equal to the current free variable.
Will interpret "p" as "x".
Warning: the identifier "p" is neither assigned to, nor bound to a library function nor external procedure, nor equal to the current free variable.
Will interpret "p" as "x".
Warning: the identifier "p" is neither assigned to, nor bound to a library function nor external procedure, nor equal to the current free variable.
Will interpret "p" as "x".
Warning: the identifier "p" is neither assigned to, nor bound to a library function nor external procedure, nor equal to the current free variable.
Will interpret "p" as "x".
Warning: the identifier "p" is neither assigned to, nor bound to a library function nor external procedure, nor equal to the current free variable.
Will interpret "p" as "x".
Warning: the identifier "p" is neither assigned to, nor bound to a library function nor external procedure, nor equal to the current free variable.
Will interpret "p" as "x".
Warning: the identifier "p" is neither assigned to, nor bound to a library function nor external procedure, nor equal to the current free variable.
Will interpret "p" as "x".
Warning: the identifier "p" is neither assigned to, nor bound to a library function nor external procedure, nor equal to the current free variable.
Will interpret "p" as "x".
Warning: the identifier "p" is neither assigned to, nor bound to a library function nor external procedure, nor equal to the current free variable.
Will interpret "p" as "x".
Warning: the identifier "p" is neither assigned to, nor bound to a library function nor external procedure, nor equal to the current free variable.
Will interpret "p" as "x".
Warning: the identifier "p" is neither assigned to, nor bound to a library function nor external procedure, nor equal to the current free variable.
Will interpret "p" as "x".
Warning: the identifier "p" is neither assigned to, nor bound to a library function nor external procedure, nor equal to the current free variable.
Will interpret "p" as "x".
Warning: the identifier "p" is neither assigned to, nor bound to a library function nor external procedure, nor equal to the current free variable.
Will interpret "p" as "x".
Warning: the identifier "p" is neither assigned to, nor bound to a library function nor external procedure, nor equal to the current free variable.
Will interpret "p" as "x".
Warning: the identifier "p" is neither assigned to, nor bound to a library function nor external procedure, nor equal to the current free variable.
Will interpret "p" as "x".
Warning: the identifier "p" is neither assigned to, nor bound to a library function nor external procedure, nor equal to the current free variable.
Will interpret "p" as "x".
Warning: the identifier "p" is neither assigned to, nor bound to a library function nor external procedure, nor equal to the current free variable.
Will interpret "p" as "x".
Warning: the identifier "p" is neither assigned to, nor bound to a library function nor external procedure, nor equal to the current free variable.
Will interpret "p" as "x".
Warning: the identifier "p" is neither assigned to, nor bound to a library function nor external procedure, nor equal to the current free variable.
Will interpret "p" as "x".
Warning: the identifier "p" is neither assigned to, nor bound to a library function nor external procedure, nor equal to the current free variable.
Will interpret "p" as "x".
Warning: the identifier "p" is neither assigned to, nor bound to a library function nor external procedure, nor equal to the current free variable.
Will interpret "p" as "x".
Warning: the identifier "p" is neither assigned to, nor bound to a library function nor external procedure, nor equal to the current free variable.
Will interpret "p" as "x".
Warning: the identifier "p" is neither assigned to, nor bound to a library function nor external procedure, nor equal to the current free variable.
Will interpret "p" as "x".
Warning: the identifier "p" is neither assigned to, nor bound to a library function nor external procedure, nor equal to the current free variable.
Will interpret "p" as "x".
Warning: the identifier "p" is neither assigned to, nor bound to a library function nor external procedure, nor equal to the current free variable.
Will interpret "p" as "x".
Warning: the identifier "p" is neither assigned to, nor bound to a library function nor external procedure, nor equal to the current free variable.
Will interpret "p" as "x".
Warning: the identifier "p" is neither assigned to, nor bound to a library function nor external procedure, nor equal to the current free variable.
Will interpret "p" as "x".
Warning: the identifier "p" is neither assigned to, nor bound to a library function nor external procedure, nor equal to the current free variable.
Will interpret "p" as "x".
Warning: the identifier "p" is neither assigned to, nor bound to a library function nor external procedure, nor equal to the current free variable.
Will interpret "p" as "x".
Warning: the identifier "p" is neither assigned to, nor bound to a library function nor external procedure, nor equal to the current free variable.
Will interpret "p" as "x".
Warning: the identifier "p" is neither assigned to, nor bound to a library function nor external procedure, nor equal to the current free variable.
Will interpret "p" as "x".
Warning: the identifier "p" is neither assigned to, nor bound to a library function nor external procedure, nor equal to the current free variable.
Will interpret "p" as "x".
Warning: the identifier "p" is neither assigned to, nor bound to a library function nor external procedure, nor equal to the current free variable.
Will interpret "p" as "x".
Warning: the identifier "p" is neither assigned to, nor bound to a library function nor external procedure, nor equal to the current free variable.
Will interpret "p" as "x".
Warning: the identifier "p" is neither assigned to, nor bound to a library function nor external procedure, nor equal to the current free variable.
Will interpret "p" as "x".
Warning: the identifier "p" is neither assigned to, nor bound to a library function nor external procedure, nor equal to the current free variable.
Will interpret "p" as "x".
Warning: the identifier "p" is neither assigned to, nor bound to a library function nor external procedure, nor equal to the current free variable.
Will interpret "p" as "x".
Warning: the identifier "p" is neither assigned to, nor bound to a library function nor external procedure, nor equal to the current free variable.
Will interpret "p" as "x".
Warning: the identifier "p" is neither assigned to, nor bound to a library function nor external procedure, nor equal to the current free variable.
Will interpret "p" as "x".
Warning: the identifier "p" is neither assigned to, nor bound to a library function nor external procedure, nor equal to the current free variable.
Will interpret "p" as "x".
Warning: the identifier "p" is neither assigned to, nor bound to a library function nor external procedure, nor equal to the current free variable.
Will interpret "p" as "x".
Warning: the identifier "p" is neither assigned to, nor bound to a library function nor external procedure, nor equal to the current free variable.
Will interpret "p" as "x".
Warning: the identifier "p" is neither assigned to, nor bound to a library function nor external procedure, nor equal to the current free variable.
Will interpret "p" as "x".
Warning: the identifier "p" is neither assigned to, nor bound to a library function nor external procedure, nor equal to the current free variable.
Will interpret "p" as "x".
Warning: the identifier "p" is neither assigned to, nor bound to a library function nor external procedure, nor equal to the current free variable.
Will interpret "p" as "x".
Warning: the identifier "p" is neither assigned to, nor bound to a library function nor external procedure, nor equal to the current free variable.
Will interpret "p" as "x".
Warning: the identifier "p" is neither assigned to, nor bound to a library function nor external procedure, nor equal to the current free variable.
Will interpret "p" as "x".
Warning: the identifier "p" is neither assigned to, nor bound to a library function nor external procedure, nor equal to the current free variable.
Will interpret "p" as "x".
Warning: the identifier "p" is neither assigned to, nor bound to a library function nor external procedure, nor equal to the current free variable.
Will interpret "p" as "x".
Warning: the identifier "p" is neither assigned to, nor bound to a library function nor external procedure, nor equal to the current free variable.
Will interpret "p" as "x".
Warning: the identifier "p" is neither assigned to, nor bound to a library function nor external procedure, nor equal to the current free variable.
Will interpret "p" as "x".
Warning: the identifier "p" is neither assigned to, nor bound to a library function nor external procedure, nor equal to the current free variable.
Will interpret "p" as "x".
Warning: the identifier "p" is neither assigned to, nor bound to a library function nor external procedure, nor equal to the current free variable.
Will interpret "p" as "x".
Warning: the identifier "p" is neither assigned to, nor bound to a library function nor external procedure, nor equal to the current free variable.
Will interpret "p" as "x".
Warning: the identifier "p" is neither assigned to, nor bound to a library function nor external procedure, nor equal to the current free variable.
Will interpret "p" as "x".
Warning: the identifier "p" is neither assigned to, nor bound to a library function nor external procedure, nor equal to the current free variable.
Will interpret "p" as "x".
Warning: the identifier "p" is neither assigned to, nor bound to a library function nor external procedure, nor equal to the current free variable.
Will interpret "p" as "x".
Warning: the identifier "p" is neither assigned to, nor bound to a library function nor external procedure, nor equal to the current free variable.
Will interpret "p" as "x".
Warning: the identifier "p" is neither assigned to, nor bound to a library function nor external procedure, nor equal to the current free variable.
Will interpret "p" as "x".
Warning: the identifier "p" is neither assigned to, nor bound to a library function nor external procedure, nor equal to the current free variable.
Will interpret "p" as "x".
Warning: the identifier "p" is neither assigned to, nor bound to a library function nor external procedure, nor equal to the current free variable.
Will interpret "p" as "x".
Warning: the identifier "p" is neither assigned to, nor bound to a library function nor external procedure, nor equal to the current free variable.
Will interpret "p" as "x".
Warning: the identifier "p" is neither assigned to, nor bound to a library function nor external procedure, nor equal to the current free variable.
Will interpret "p" as "x".
Warning: the identifier "p" is neither assigned to, nor bound to a library function nor external procedure, nor equal to the current free variable.
Will interpret "p" as "x".
Warning: the identifier "p" is neither assigned to, nor bound to a library function nor external procedure, nor equal to the current free variable.
Will interpret "p" as "x".
Warning: the identifier "p" is neither assigned to, nor bound to a library function nor external procedure, nor equal to the current free variable.
Will interpret "p" as "x".
Warning: the identifier "p" is neither assigned to, nor bound to a library function nor external procedure, nor equal to the current free variable.
Will interpret "p" as "x".
Warning: the identifier "p" is neither assigned to, nor bound to a library function nor external procedure, nor equal to the current free variable.
Will interpret "p" as "x".
Warning: the identifier "p" is neither assigned to, nor bound to a library function nor external procedure, nor equal to the current free variable.
Will interpret "p" as "x".
Warning: the identifier "p" is neither assigned to, nor bound to a library function nor external procedure, nor equal to the current free variable.
Will interpret "p" as "x".
Warning: the identifier "p" is neither assigned to, nor bound to a library function nor external procedure, nor equal to the current free variable.
Will interpret "p" as "x".
Warning: the identifier "p" is neither assigned to, nor bound to a library function nor external procedure, nor equal to the current free variable.
Will interpret "p" as "x".
Warning: the identifier "p" is neither assigned to, nor bound to a library function nor external procedure, nor equal to the current free variable.
Will interpret "p" as "x".
Warning: the identifier "p" is neither assigned to, nor bound to a library function nor external procedure, nor equal to the current free variable.
Will interpret "p" as "x".
Warning: the identifier "p" is neither assigned to, nor bound to a library function nor external procedure, nor equal to the current free variable.
Will interpret "p" as "x".
Warning: the identifier "p" is neither assigned to, nor bound to a library function nor external procedure, nor equal to the current free variable.
Will interpret "p" as "x".
Warning: the identifier "p" is neither assigned to, nor bound to a library function nor external procedure, nor equal to the current free variable.
Will interpret "p" as "x".
Warning: the identifier "p" is neither assigned to, nor bound to a library function nor external procedure, nor equal to the current free variable.
Will interpret "p" as "x".
Warning: the identifier "p" is neither assigned to, nor bound to a library function nor external procedure, nor equal to the current free variable.
Will interpret "p" as "x".
Warning: the identifier "p" is neither assigned to, nor bound to a library function nor external procedure, nor equal to the current free variable.
Will interpret "p" as "x".
Warning: the identifier "p" is neither assigned to, nor bound to a library function nor external procedure, nor equal to the current free variable.
Will interpret "p" as "x".
Warning: the identifier "p" is neither assigned to, nor bound to a library function nor external procedure, nor equal to the current free variable.
Will interpret "p" as "x".
Warning: the identifier "p" is neither assigned to, nor bound to a library function nor external procedure, nor equal to the current free variable.
Will interpret "p" as "x".
Warning: the identifier "p" is neither assigned to, nor bound to a library function nor external procedure, nor equal to the current free variable.
Will interpret "p" as "x".
Warning: the identifier "p" is neither assigned to, nor bound to a library function nor external procedure, nor equal to the current free variable.
Will interpret "p" as "x".
Warning: the identifier "p" is neither assigned to, nor bound to a library function nor external procedure, nor equal to the current free variable.
Will interpret "p" as "x".
Warning: the identifier "p" is neither assigned to, nor bound to a library function nor external procedure, nor equal to the current free variable.
Will interpret "p" as "x".
Warning: the identifier "p" is neither assigned to, nor bound to a library function nor external procedure, nor equal to the current free variable.
Will interpret "p" as "x".
Warning: the identifier "p" is neither assigned to, nor bound to a library function nor external procedure, nor equal to the current free variable.
Will interpret "p" as "x".
Warning: the identifier "p" is neither assigned to, nor bound to a library function nor external procedure, nor equal to the current free variable.
Will interpret "p" as "x".
Warning: the identifier "p" is neither assigned to, nor bound to a library function nor external procedure, nor equal to the current free variable.
Will interpret "p" as "x".
Warning: the identifier "p" is neither assigned to, nor bound to a library function nor external procedure, nor equal to the current free variable.
Will interpret "p" as "x".
Warning: the identifier "p" is neither assigned to, nor bound to a library function nor external procedure, nor equal to the current free variable.
Will interpret "p" as "x".
Warning: the identifier "p" is neither assigned to, nor bound to a library function nor external procedure, nor equal to the current free variable.
Will interpret "p" as "x".
Warning: the identifier "p" is neither assigned to, nor bound to a library function nor external procedure, nor equal to the current free variable.
Will interpret "p" as "x".
Warning: the identifier "p" is neither assigned to, nor bound to a library function nor external procedure, nor equal to the current free variable.
Will interpret "p" as "x".
Warning: the identifier "p" is neither assigned to, nor bound to a library function nor external procedure, nor equal to the current free variable.
Will interpret "p" as "x".
Warning: the identifier "p" is neither assigned to, nor bound to a library function nor external procedure, nor equal to the current free variable.
Will interpret "p" as "x".
Warning: the identifier "p" is neither assigned to, nor bound to a library function nor external procedure, nor equal to the current free variable.
Will interpret "p" as "x".
Warning: the identifier "p" is neither assigned to, nor bound to a library function nor external procedure, nor equal to the current free variable.
Will interpret "p" as "x".
Warning: the identifier "p" is neither assigned to, nor bound to a library function nor external procedure, nor equal to the current free variable.
Will interpret "p" as "x".
Warning: the identifier "p" is neither assigned to, nor bound to a library function nor external procedure, nor equal to the current free variable.
Will interpret "p" as "x".
Warning: the identifier "p" is neither assigned to, nor bound to a library function nor external procedure, nor equal to the current free variable.
Will interpret "p" as "x".
dirtyinfnorm absolute error: 4.678025211312479119387640082444557645097767840361933113270127792072930813e-2
dirtyinfnorm relative error: 1.021320607755585075728951846344180518598952205815903885671672724196984253
Warning: the identifier "p" is neither assigned to, nor bound to a library function nor external procedure, nor equal to the current free variable.
Will interpret "p" as "x".
Warning: the identifier "p" is neither assigned to, nor bound to a library function nor external procedure, nor equal to the current free variable.
Will interpret "p" as "x".
Warning: during supnorm computation, no suitable Taylor form could be found.
Warning: an error occurred during supremum norm computation. A safe enclosure of the supremum norm could not be computed.
Warning: the supremum norm on the error function between the given polynomial and the given function could not be computed.
Warning: the given expression or command could not be handled.
supnorm absolute error: [4.678025211312479119387640082443461394355374875674546151854086423194090116e-2;4.678025211312479119387643831091103731569731476988760397427525928222899474e-2]
supnorm relative error: error
