script: sin_taylor_degree_error.sollya
This is

	sollya 8.0.

Copyright 2006-2022 by

   Laboratoire de l'Informatique du Parallelisme,
   UMR CNRS - ENS Lyon - UCB Lyon 1 - INRIA 5668,

   LORIA (CNRS, INPL, INRIA, UHP, U-Nancy 2),

   Laboratoire d'Informatique de Paris 6, equipe PEQUAN,
   UPMC Universite Paris 06 - CNRS - UMR 7606 - LIP6, Paris, France,

   Laboratoire d'Informatique de Paris 6 - Équipe PEQUAN
   Sorbonne Universités
   UPMC Univ Paris 06
   UMR 7606, LIP6
   Boîte Courrier 169
   4, place Jussieu
   F-75252 Paris Cedex 05
   France,

   Sorbonne Université
   CNRS, Laboratoire d'Informatique de Paris 6, LIP6
   F - 75005 Paris
   France,

   CNRS, LIP6, UPMC
   Sorbonne Universités, UPMC Univ Paris 06,
   CNRS, LIP6 UMR 7606, 4 place Jussieu 75005 Paris,

   University of Alaska Anchorage, College of Engineering

and by

   Centre de recherche INRIA Sophia Antipolis Mediterranee,
   Equipes APICS, FACTAS,
   Sophia Antipolis, France.

All rights reserved.

Contributors:
   Ch. Lauter, 
   S. Chevillard, 
   M. Joldes, 
   N. Jourdan, 
   M. Mezzarobba, 
   J. Benoit.
 
License:
   This software is governed by the CeCILL-C license under French law and
   abiding by the rules of distribution of free software. You can use,
   modify and/or redistribute the software under the terms of the CeCILL-C
   license as circulated by CEA, CNRS and INRIA at the following URL
   "http://www.cecill.info".

   As a counterpart to the access to the source code and rights to copy,
   modify and redistribute granted by the license, users are provided only
   with a limited warranty and the software's author, the holder of the
   economic rights, and the successive licensors have only limited
   liability.

   In this respect, the user's attention is drawn to the risks associated
   with loading, using, modifying and/or developing or reproducing the
   software by the user in light of its specific status of free software,
   that may mean that it is complicated to manipulate, and that also
   therefore means that it is reserved for developers and experienced
   professionals having in-depth computer knowledge. Users are therefore
   encouraged to load and test the software's suitability as regards their
   requirements in conditions enabling the security of their systems and/or
   data to be ensured and, more generally, to use and operate it in the
   same conditions as regards security.

   The fact that you are presently reading this means that you have had
   knowledge of the CeCILL-C license and that you accept its terms.

   This program is distributed WITHOUT ANY WARRANTY; without even the
   implied warranty of MERCHANTABILITY or FITNESS FOR A PARTICULAR PURPOSE.


Send bug reports to <sollya-devl@lists.gforge.inria.fr>

This build of sollya 8.0 is based on GMP 6.3.0, MPFR 4.2.2 and MPFI 1.5.4.
It uses FPLLL as: "fplll.h lies directly in the include directory, linkage with -lfplll is compatible, -std option is passed (-std=c++11), using standard API."

interval: [-1.570796326794896619231321691639751442098584699687552910487472296155;1.570796326794896619231321691639751442098584699687552910487472296155]
sample fallback points: 4097
degree 1 source supnorm interval [0.570796326794896619231321691639666657821981010691113323472778429135;0.5707963267948966192313221490365826727545819968023777751759795740435]
degree 3 source supnorm interval [7.51677707113496344244348722581338061602716159596523981328234503829e-2;7.51677707113496344244349324924150955056286703127837785043428462451e-2]
degree 5 source supnorm interval [4.524855534817410696070677232277542501050388726765773203547803303984e-3;4.52485553481741069607068085818554134889183012632084794227176848106e-3]
degree 7 source supnorm interval [1.568986005012774046147867016695868965829052843343521611792230812461e-4;1.568986005012774046147868273973336032123420112637726044311375407542e-4]
degree 9 source supnorm interval [3.542584286082417257874168493765703017173073163474668995705174124465e-6;3.542584286082417257874171332549085306357709346343927819525614627824e-6]
degree 11 source supnorm interval [5.625894912966808258437152444166341199014699713804323327297663390063e-8;5.62589491296680825843715695237156645752251172562181943838068594294e-8]
degree 13 source supnorm interval [6.627800900111855333810285942416870255119665099053516193647178333705e-10;6.627800900111855333810291253480640925588828475944591857359357854273e-10]
